<?xml version="1.0" encoding="UTF-8"?>
<testsuite xmlns:xsi="http://www.w3.org/2001/XMLSchema-instance" xsi:noNamespaceSchemaLocation="https://maven.apache.org/surefire/maven-surefire-plugin/xsd/surefire-test-report-3.0.xsd" version="3.0" name="PersonTest" time="0.082" tests="5" errors="0" skipped="0" failures="0">
  <properties>
    <property name="gopherProxySet" value="false"/>
    <property name="awt.toolkit" value="sun.lwawt.macosx.LWCToolkit"/>
    <property name="java.specification.version" value="11"/>
    <property name="sun.cpu.isalist" value=""/>
    <property name="sun.jnu.encoding" value="UTF-8"/>
    <property name="java.class.path" value="/Users/thomas/Transfer-Solutions/Onderzoek CICD/JavaUnitTestDemo/target/test-classes:/Users/thomas/Transfer-Solutions/Onderzoek CICD/JavaUnitTestDemo/target/classes:/Users/thomas/.m2/repository/junit/junit/4.12/junit-4.12.jar:/Users/thomas/.m2/repository/org/hamcrest/hamcrest-core/1.3/hamcrest-core-1.3.jar:/Users/thomas/.m2/repository/org/junit/jupiter/junit-jupiter-api/5.4.0-M1/junit-jupiter-api-5.4.0-M1.jar:/Users/thomas/.m2/repository/org/apiguardian/apiguardian-api/1.0.0/apiguardian-api-1.0.0.jar:/Users/thomas/.m2/repository/org/opentest4j/opentest4j/1.1.1/opentest4j-1.1.1.jar:/Users/thomas/.m2/repository/org/junit/platform/junit-platform-commons/1.4.0-M1/junit-platform-commons-1.4.0-M1.jar:"/>
    <property name="java.vm.vendor" value="Oracle Corporation"/>
    <property name="sun.arch.data.model" value="64"/>
    <property name="java.vendor.url" value="http://java.oracle.com/"/>
    <property name="user.timezone" value=""/>
    <property name="java.vm.specification.version" value="11"/>
    <property name="os.name" value="Mac OS X"/>
    <property name="sun.java.launcher" value="SUN_STANDARD"/>
    <property name="user.country" value="NL"/>
    <property name="sun.boot.library.path" value="/Library/Java/JavaVirtualMachines/jdk-11.0.2.jdk/Contents/Home/lib"/>
    <property name="sun.java.command" value="/Users/thomas/Transfer-Solutions/Onderzoek CICD/JavaUnitTestDemo/target/surefire/surefirebooter3172217578288658256.jar /Users/thomas/Transfer-Solutions/Onderzoek CICD/JavaUnitTestDemo/target/surefire 2019-01-24T12-14-02_984-jvmRun1 surefire11254318424183241168tmp surefire_04842802794393110714tmp"/>
    <property name="jdk.debug" value="release"/>
    <property name="surefire.test.class.path" value="/Users/thomas/Transfer-Solutions/Onderzoek CICD/JavaUnitTestDemo/target/test-classes:/Users/thomas/Transfer-Solutions/Onderzoek CICD/JavaUnitTestDemo/target/classes:/Users/thomas/.m2/repository/junit/junit/4.12/junit-4.12.jar:/Users/thomas/.m2/repository/org/hamcrest/hamcrest-core/1.3/hamcrest-core-1.3.jar:/Users/thomas/.m2/repository/org/junit/jupiter/junit-jupiter-api/5.4.0-M1/junit-jupiter-api-5.4.0-M1.jar:/Users/thomas/.m2/repository/org/apiguardian/apiguardian-api/1.0.0/apiguardian-api-1.0.0.jar:/Users/thomas/.m2/repository/org/opentest4j/opentest4j/1.1.1/opentest4j-1.1.1.jar:/Users/thomas/.m2/repository/org/junit/platform/junit-platform-commons/1.4.0-M1/junit-platform-commons-1.4.0-M1.jar:"/>
    <property name="sun.cpu.endian" value="little"/>
    <property name="user.home" value="/Users/thomas"/>
    <property name="user.language" value="nl"/>
    <property name="java.specification.vendor" value="Oracle Corporation"/>
    <property name="java.version.date" value="2019-01-15"/>
    <property name="java.home" value="/Library/Java/JavaVirtualMachines/jdk-11.0.2.jdk/Contents/Home"/>
    <property name="file.separator" value="/"/>
    <property name="basedir" value="/Users/thomas/Transfer-Solutions/Onderzoek CICD/JavaUnitTestDemo"/>
    <property name="java.vm.compressedOopsMode" value="Zero based"/>
    <property name="line.separator" value="&#10;"/>
    <property name="java.specification.name" value="Java Platform API Specification"/>
    <property name="java.vm.specification.vendor" value="Oracle Corporation"/>
    <property name="java.awt.graphicsenv" value="sun.awt.CGraphicsEnvironment"/>
    <property name="surefire.real.class.path" value="/Users/thomas/Transfer-Solutions/Onderzoek CICD/JavaUnitTestDemo/target/surefire/surefirebooter3172217578288658256.jar"/>
    <property name="sun.management.compiler" value="HotSpot 64-Bit Tiered Compilers"/>
    <property name="java.runtime.version" value="11.0.2+9-LTS"/>
    <property name="user.name" value="thomas"/>
    <property name="path.separator" value=":"/>
    <property name="os.version" value="10.14.2"/>
    <property name="java.runtime.name" value="Java(TM) SE Runtime Environment"/>
    <property name="file.encoding" value="UTF-8"/>
    <property name="java.vm.name" value="Java HotSpot(TM) 64-Bit Server VM"/>
    <property name="java.vendor.version" value="18.9"/>
    <property name="localRepository" value="/Users/thomas/.m2/repository"/>
    <property name="java.vendor.url.bug" value="http://bugreport.java.com/bugreport/"/>
    <property name="java.io.tmpdir" value="/var/folders/y4/mn3rx1k56r9_d4thbb7rlcmm0000gn/T/"/>
    <property name="java.version" value="11.0.2"/>
    <property name="user.dir" value="/Users/thomas/Transfer-Solutions/Onderzoek CICD/JavaUnitTestDemo"/>
    <property name="os.arch" value="x86_64"/>
    <property name="java.vm.specification.name" value="Java Virtual Machine Specification"/>
    <property name="java.awt.printerjob" value="sun.lwawt.macosx.CPrinterJob"/>
    <property name="sun.os.patch.level" value="unknown"/>
    <property name="java.library.path" value="/Users/thomas/Library/Java/Extensions:/Library/Java/Extensions:/Network/Library/Java/Extensions:/System/Library/Java/Extensions:/usr/lib/java:."/>
    <property name="java.vendor" value="Oracle Corporation"/>
    <property name="java.vm.info" value="mixed mode"/>
    <property name="java.vm.version" value="11.0.2+9-LTS"/>
    <property name="sun.io.unicode.encoding" value="UnicodeBig"/>
    <property name="java.class.version" value="55.0"/>
  </properties>
  <testcase name="testGetAgeWithWithCurrentDateMinus3YearsPlus1DayCodeReturns2" classname="PersonTest" time="0.036"/>
  <testcase name="testGetAgeWithWithCurrentDateMinus3YearsMinus1DayCodeReturns3" classname="PersonTest" time="0"/>
  <testcase name="testSetPostalCodeWithInvalidPostalCodeReturnsFalse" classname="PersonTest" time="0.002"/>
  <testcase name="testSetPostalCodeWithValidPostalCodeReturnsTrue" classname="PersonTest" time="0.002"/>
  <testcase name="testGetAgeWithWithCurrentDateMinus3CodeReturns3" classname="PersonTest" time="0.001"/>
</testsuite>